<?xml version="1.0" encoding="UTF-8"?>
<coverage generated="1636720578027" clover="3.2.0">
  <project timestamp="1636720578027" name="All files">
    <metrics statements="39" coveredstatements="39" conditionals="13" coveredconditionals="13" methods="3" coveredmethods="3" elements="55" coveredelements="55" complexity="0" loc="39" ncloc="39" packages="1" files="1" classes="1"/>
    <file name="showDiff.js" path="/home/sonya/frontend-project-lvl2/src/showDiff.js">
      <metrics statements="39" coveredstatements="39" conditionals="13" coveredconditionals="13" methods="3" coveredmethods="3"/>
      <line num="1" count="1" type="stmt"/>
      <line num="2" count="1" type="stmt"/>
      <line num="3" count="1" type="cond" truecount="1" falsecount="0"/>
      <line num="4" count="22" type="cond" truecount="1" falsecount="0"/>
      <line num="5" count="4" type="stmt"/>
      <line num="6" count="4" type="stmt"/>
      <line num="7" count="18" type="cond" truecount="1" falsecount="0"/>
      <line num="8" count="18" type="stmt"/>
      <line num="9" count="18" type="stmt"/>
      <line num="10" count="18" type="stmt"/>
      <line num="11" count="18" type="cond" truecount="1" falsecount="0"/>
      <line num="12" count="18" type="stmt"/>
      <line num="13" count="22" type="cond" truecount="2" falsecount="0"/>
      <line num="14" count="7" type="stmt"/>
      <line num="15" count="7" type="stmt"/>
      <line num="16" count="11" type="cond" truecount="1" falsecount="0"/>
      <line num="17" count="22" type="cond" truecount="2" falsecount="0"/>
      <line num="18" count="3" type="stmt"/>
      <line num="19" count="3" type="stmt"/>
      <line num="20" count="8" type="cond" truecount="1" falsecount="0"/>
      <line num="21" count="22" type="cond" truecount="1" falsecount="0"/>
      <line num="22" count="2" type="stmt"/>
      <line num="23" count="2" type="stmt"/>
      <line num="24" count="6" type="cond" truecount="1" falsecount="0"/>
      <line num="25" count="6" type="stmt"/>
      <line num="26" count="6" type="stmt"/>
      <line num="27" count="1" type="stmt"/>
      <line num="28" count="1" type="cond" truecount="1" falsecount="0"/>
      <line num="29" count="4" type="stmt"/>
      <line num="30" count="4" type="stmt"/>
      <line num="31" count="4" type="stmt"/>
      <line num="32" count="4" type="stmt"/>
      <line num="33" count="4" type="stmt"/>
      <line num="34" count="4" type="stmt"/>
      <line num="35" count="4" type="stmt"/>
      <line num="36" count="4" type="stmt"/>
      <line num="37" count="4" type="stmt"/>
      <line num="38" count="1" type="stmt"/>
      <line num="39" count="1" type="stmt"/>
    </file>
  </project>
</coverage>
