{"/home/sonya/frontend-project-lvl2/src/showDiff.js": {"path":"/home/sonya/frontend-project-lvl2/src/showDiff.js","all":false,"statementMap":{"0":{"start":{"line":1,"column":0},"end":{"line":1,"column":23}},"1":{"start":{"line":2,"column":0},"end":{"line":2,"column":0}},"2":{"start":{"line":3,"column":0},"end":{"line":3,"column":46}},"3":{"start":{"line":4,"column":0},"end":{"line":4,"column":26}},"4":{"start":{"line":5,"column":0},"end":{"line":5,"column":14}},"5":{"start":{"line":6,"column":0},"end":{"line":6,"column":3}},"6":{"start":{"line":7,"column":0},"end":{"line":7,"column":32}},"7":{"start":{"line":8,"column":0},"end":{"line":8,"column":0}},"8":{"start":{"line":9,"column":0},"end":{"line":9,"column":48}},"9":{"start":{"line":10,"column":0},"end":{"line":10,"column":0}},"10":{"start":{"line":11,"column":0},"end":{"line":11,"column":84}},"11":{"start":{"line":12,"column":0},"end":{"line":12,"column":0}},"12":{"start":{"line":13,"column":0},"end":{"line":13,"column":56}},"13":{"start":{"line":14,"column":0},"end":{"line":14,"column":55}},"14":{"start":{"line":15,"column":0},"end":{"line":15,"column":3}},"15":{"start":{"line":16,"column":0},"end":{"line":16,"column":0}},"16":{"start":{"line":17,"column":0},"end":{"line":17,"column":56}},"17":{"start":{"line":18,"column":0},"end":{"line":18,"column":55}},"18":{"start":{"line":19,"column":0},"end":{"line":19,"column":3}},"19":{"start":{"line":20,"column":0},"end":{"line":20,"column":0}},"20":{"start":{"line":21,"column":0},"end":{"line":21,"column":42}},"21":{"start":{"line":22,"column":0},"end":{"line":22,"column":89}},"22":{"start":{"line":23,"column":0},"end":{"line":23,"column":3}},"23":{"start":{"line":24,"column":0},"end":{"line":24,"column":0}},"24":{"start":{"line":25,"column":0},"end":{"line":25,"column":53}},"25":{"start":{"line":26,"column":0},"end":{"line":26,"column":2}},"26":{"start":{"line":27,"column":0},"end":{"line":27,"column":0}},"27":{"start":{"line":28,"column":0},"end":{"line":28,"column":92}},"28":{"start":{"line":29,"column":0},"end":{"line":29,"column":45}},"29":{"start":{"line":30,"column":0},"end":{"line":30,"column":47}},"30":{"start":{"line":31,"column":0},"end":{"line":31,"column":0}},"31":{"start":{"line":32,"column":0},"end":{"line":32,"column":46}},"32":{"start":{"line":33,"column":0},"end":{"line":33,"column":32}},"33":{"start":{"line":34,"column":0},"end":{"line":34,"column":40}},"34":{"start":{"line":35,"column":0},"end":{"line":35,"column":0}},"35":{"start":{"line":36,"column":0},"end":{"line":36,"column":66}},"36":{"start":{"line":37,"column":0},"end":{"line":37,"column":2}},"37":{"start":{"line":38,"column":0},"end":{"line":38,"column":0}},"38":{"start":{"line":39,"column":0},"end":{"line":39,"column":24}}},"s":{"0":1,"1":1,"2":1,"3":22,"4":4,"5":4,"6":18,"7":18,"8":18,"9":18,"10":18,"11":18,"12":22,"13":7,"14":7,"15":11,"16":22,"17":3,"18":3,"19":8,"20":22,"21":2,"22":2,"23":6,"24":6,"25":6,"26":1,"27":1,"28":4,"29":4,"30":4,"31":4,"32":4,"33":4,"34":4,"35":4,"36":4,"37":1,"38":1},"branchMap":{"0":{"type":"branch","line":3,"loc":{"start":{"line":3,"column":17},"end":{"line":26,"column":2}},"locations":[{"start":{"line":3,"column":17},"end":{"line":26,"column":2}}]},"1":{"type":"branch","line":4,"loc":{"start":{"line":4,"column":25},"end":{"line":6,"column":3}},"locations":[{"start":{"line":4,"column":25},"end":{"line":6,"column":3}}]},"2":{"type":"branch","line":7,"loc":{"start":{"line":7,"column":-1},"end":{"line":13,"column":7}},"locations":[{"start":{"line":7,"column":-1},"end":{"line":13,"column":7}}]},"3":{"type":"branch","line":13,"loc":{"start":{"line":13,"column":6},"end":{"line":13,"column":33}},"locations":[{"start":{"line":13,"column":6},"end":{"line":13,"column":33}}]},"4":{"type":"branch","line":13,"loc":{"start":{"line":13,"column":55},"end":{"line":15,"column":3}},"locations":[{"start":{"line":13,"column":55},"end":{"line":15,"column":3}}]},"5":{"type":"branch","line":16,"loc":{"start":{"line":16,"column":-1},"end":{"line":17,"column":7}},"locations":[{"start":{"line":16,"column":-1},"end":{"line":17,"column":7}}]},"6":{"type":"branch","line":17,"loc":{"start":{"line":17,"column":6},"end":{"line":17,"column":33}},"locations":[{"start":{"line":17,"column":6},"end":{"line":17,"column":33}}]},"7":{"type":"branch","line":17,"loc":{"start":{"line":17,"column":55},"end":{"line":19,"column":3}},"locations":[{"start":{"line":17,"column":55},"end":{"line":19,"column":3}}]},"8":{"type":"branch","line":20,"loc":{"start":{"line":20,"column":-1},"end":{"line":21,"column":6}},"locations":[{"start":{"line":20,"column":-1},"end":{"line":21,"column":6}}]},"9":{"type":"branch","line":21,"loc":{"start":{"line":21,"column":41},"end":{"line":23,"column":3}},"locations":[{"start":{"line":21,"column":41},"end":{"line":23,"column":3}}]},"10":{"type":"branch","line":24,"loc":{"start":{"line":24,"column":-1},"end":{"line":26,"column":2}},"locations":[{"start":{"line":24,"column":-1},"end":{"line":26,"column":2}}]},"11":{"type":"branch","line":11,"loc":{"start":{"line":11,"column":19},"end":{"line":11,"column":84}},"locations":[{"start":{"line":11,"column":19},"end":{"line":11,"column":84}}]},"12":{"type":"branch","line":28,"loc":{"start":{"line":28,"column":17},"end":{"line":37,"column":2}},"locations":[{"start":{"line":28,"column":17},"end":{"line":37,"column":2}}]}},"b":{"0":[22],"1":[4],"2":[18],"3":[15],"4":[7],"5":[11],"6":[3],"7":[3],"8":[8],"9":[2],"10":[6],"11":[20],"12":[4]},"fnMap":{"0":{"name":"findDiff","decl":{"start":{"line":3,"column":17},"end":{"line":26,"column":2}},"loc":{"start":{"line":3,"column":17},"end":{"line":26,"column":2}},"line":3},"1":{"name":"buildStr","decl":{"start":{"line":11,"column":19},"end":{"line":11,"column":84}},"loc":{"start":{"line":11,"column":19},"end":{"line":11,"column":84}},"line":11},"2":{"name":"showDiff","decl":{"start":{"line":28,"column":17},"end":{"line":37,"column":2}},"loc":{"start":{"line":28,"column":17},"end":{"line":37,"column":2}},"line":28}},"f":{"0":22,"1":20,"2":4}}
}
