TN:
SF:src/showDiff.js
FN:3,findDiff
FN:11,buildStr
FN:28,showDiff
FNF:3
FNH:3
FNDA:22,findDiff
FNDA:20,buildStr
FNDA:4,showDiff
DA:1,1
DA:2,1
DA:3,1
DA:4,22
DA:5,4
DA:6,4
DA:7,18
DA:8,18
DA:9,18
DA:10,18
DA:11,18
DA:12,18
DA:13,22
DA:14,7
DA:15,7
DA:16,11
DA:17,22
DA:18,3
DA:19,3
DA:20,8
DA:21,22
DA:22,2
DA:23,2
DA:24,6
DA:25,6
DA:26,6
DA:27,1
DA:28,1
DA:29,4
DA:30,4
DA:31,4
DA:32,4
DA:33,4
DA:34,4
DA:35,4
DA:36,4
DA:37,4
DA:38,1
DA:39,1
LF:39
LH:39
BRDA:3,0,0,22
BRDA:4,1,0,4
BRDA:7,2,0,18
BRDA:13,3,0,15
BRDA:13,4,0,7
BRDA:16,5,0,11
BRDA:17,6,0,3
BRDA:17,7,0,3
BRDA:20,8,0,8
BRDA:21,9,0,2
BRDA:24,10,0,6
BRDA:11,11,0,20
BRDA:28,12,0,4
BRF:13
BRH:13
end_of_record
